[16:52:14] [Server thread/INFO]: Starting minecraft server version 1.8
[16:52:14] [Server thread/INFO]: Loading properties
[16:52:14] [Server thread/INFO]: Default game type: SURVIVAL
[16:52:14] [Server thread/INFO]: Generating keypair
[16:52:14] [Server thread/INFO]: Starting Minecraft server on *:25565
[16:52:14] [Server thread/WARN]: **** SERVER IS RUNNING IN OFFLINE/INSECURE MODE!
[16:52:14] [Server thread/WARN]: The server will make no attempt to authenticate usernames. Beware.
[16:52:14] [Server thread/WARN]: While this makes the game possible to play without internet access, it also opens up the ability for hackers to connect with any username they choose.
[16:52:14] [Server thread/WARN]: To change this, set "online-mode" to "true" in the server.properties file.
[16:52:15] [Server thread/INFO]: Preparing level "world"
[16:52:15] [Server thread/INFO]: Preparing start region for level 0
[16:52:16] [Server thread/INFO]: Preparing spawn area: 72%
[16:52:16] [Server thread/INFO]: Done (1.313s)! For help, type "help" or "?"
[16:52:31] [Server thread/INFO]: TypO[/127.0.0.1:41776] logged in with entity id 215 at (-108.7250600995774, 73.0, -134.36169785400799)
[16:52:31] [Server thread/INFO]: TypO joined the game
[16:53:12] [Server thread/INFO]: TypO lost connection: TextComponent{text='Disconnected', siblings=[], style=Style{hasParent=false, color=null, bold=null, italic=null, underlined=null, obfuscated=null, clickEvent=null, hoverEvent=null, insertion=null}}
[16:53:12] [Server thread/INFO]: TypO left the game
[16:54:40] [Server thread/INFO]: Set the time to 1000
[16:54:44] [Server thread/INFO]: TypO[/127.0.0.1:53074] logged in with entity id 879 at (-40.60631773060067, 67.78608123157454, -139.69999998807904)
[16:54:44] [Server thread/INFO]: TypO joined the game
[16:54:59] [Server thread/INFO]: TypO lost connection: TextComponent{text='Disconnected', siblings=[], style=Style{hasParent=false, color=null, bold=null, italic=null, underlined=null, obfuscated=null, clickEvent=null, hoverEvent=null, insertion=null}}
[16:54:59] [Server thread/INFO]: TypO left the game
[16:59:01] [Server thread/INFO]: TypO[/127.0.0.1:54374] logged in with entity id 1650 at (-40.60631773060067, 67.0, -139.69999998807904)
[16:59:01] [Server thread/INFO]: TypO joined the game
[17:00:31] [Server thread/INFO]: TypO was slain by Zombie
[17:01:11] [Server thread/INFO]: TypO lost connection: TextComponent{text='Disconnected', siblings=[], style=Style{hasParent=false, color=null, bold=null, italic=null, underlined=null, obfuscated=null, clickEvent=null, hoverEvent=null, insertion=null}}
[17:01:11] [Server thread/INFO]: TypO left the game
[17:01:14] [Server thread/INFO]: TypO[/127.0.0.1:56288] logged in with entity id 4757 at (-94.5, 74.0, -152.5)
[17:01:14] [Server thread/INFO]: TypO joined the game
[17:01:29] [Server thread/INFO]: TypO lost connection: TextComponent{text='Disconnected', siblings=[], style=Style{hasParent=false, color=null, bold=null, italic=null, underlined=null, obfuscated=null, clickEvent=null, hoverEvent=null, insertion=null}}
[17:01:29] [Server thread/INFO]: TypO left the game
[17:10:32] [Server Shutdown Thread/INFO]: Stopping server
